0 silly argv {
0 silly argv   _: [ 'publish' ],
0 silly argv   yes: true,
0 silly argv   y: true,
0 silly argv   composed: 'publish',
0 silly argv   lernaVersion: '8.2.4',
0 silly argv   '$0': '/Users/etelligens/Documents/Rich-Text-Editor/node_modules/.bin/lerna',
0 silly argv   bump: 'from-package'
0 silly argv }
1 notice cli v8.2.4
2 verbose packageConfigs Explicit "packages" configuration found in lerna.json. Resolving packages using the configured glob(s): ["packages/*"]
3 verbose rootPath /Users/etelligens/Documents/Rich-Text-Editor
4 info versioning independent
5 verbose session f3833b42fc4960de
6 verbose user-agent lerna/8.2.4/node@v22.12.0+x64 (darwin)
7 verbose git-describe undefined => "c61b0c2"
8 silly git-describe parsed => {"refCount":"180","sha":"c61b0c2","isDirty":false}
9 silly getProjectsWithUnpublishedPackages
10 warn Unable to determine published version, assuming "@editora/toast" unpublished.
11 warn Unable to determine published version, assuming "@editora/icons" unpublished.
12 warn Unable to determine published version, assuming "@editora/core" unpublished.
13 warn Unable to determine published version, assuming "@editora/light-code-editor" unpublished.
14 warn Unable to determine published version, assuming "@editora/react-icons" unpublished.
15 warn Unable to determine published version, assuming "@editora/performance" unpublished.
16 warn Unable to determine published version, assuming "@editora/plugins" unpublished.
17 warn Unable to determine published version, assuming "@editora/react" unpublished.
18 warn Unable to determine published version, assuming "@editora/ui-angular" unpublished.
19 warn Unable to determine published version, assuming "@editora/ui-editor" unpublished.
20 warn Unable to determine published version, assuming "@editora/ui-svelte" unpublished.
21 warn Unable to determine published version, assuming "@editora/ui-vue" unpublished.
22 warn Unable to determine published version, assuming "@editora/ui-core" unpublished.
23 warn Unable to determine published version, assuming "@editora/themes" unpublished.
24 warn Unable to determine published version, assuming "@editora/ui-react" unpublished.
25 info auto-confirmed
26 info publish Publishing packages to npm...
27 silly getCurrentSHA
28 verbose getCurrentSHA c61b0c204a17e0da039e98a97f6946aa92d663f7
29 silly lifecycle No script for "prepublish" in "editora", continuing
30 silly lifecycle No script for "prepare" in "editora", continuing
31 silly lifecycle No script for "prepublishOnly" in "editora", continuing
32 silly lifecycle No script for "prepack" in "editora", continuing
33 verbose pack-directory packages/core
34 silly lifecycle No script for "prepublish" in "@editora/core", continuing
35 verbose pack-directory packages/editora-toast
36 silly lifecycle No script for "prepublish" in "@editora/toast", continuing
37 verbose pack-directory packages/icons
38 silly lifecycle No script for "prepublish" in "@editora/icons", continuing
39 verbose pack-directory packages/light-code-editor
40 silly lifecycle No script for "prepublish" in "@editora/light-code-editor", continuing
41 verbose pack-directory packages/themes
42 silly lifecycle No script for "prepublish" in "@editora/themes", continuing
43 verbose pack-directory packages/ui-angular
44 silly lifecycle No script for "prepublish" in "@editora/ui-angular", continuing
45 verbose pack-directory packages/ui-svelte
46 silly lifecycle No script for "prepublish" in "@editora/ui-svelte", continuing
47 verbose pack-directory packages/ui-vue
48 silly lifecycle No script for "prepublish" in "@editora/ui-vue", continuing
49 silly lifecycle No script for "prepare" in "@editora/core", continuing
50 silly lifecycle No script for "prepare" in "@editora/toast", continuing
51 silly lifecycle "prepare" starting in "@editora/icons"
52 info lifecycle @editora/icons@0.1.4~prepare: @editora/icons@0.1.4
53 silly lifecycle No script for "prepare" in "@editora/light-code-editor", continuing
54 silly lifecycle No script for "prepare" in "@editora/themes", continuing
55 silly lifecycle "prepare" starting in "@editora/ui-angular"
56 info lifecycle @editora/ui-angular@0.1.2~prepare: @editora/ui-angular@0.1.2
57 silly lifecycle "prepare" starting in "@editora/ui-svelte"
58 info lifecycle @editora/ui-svelte@0.1.2~prepare: @editora/ui-svelte@0.1.2
59 silly lifecycle "prepare" starting in "@editora/ui-vue"
60 info lifecycle @editora/ui-vue@0.1.2~prepare: @editora/ui-vue@0.1.2
61 silly lifecycle "prepublishOnly" starting in "@editora/core"
62 info lifecycle @editora/core@1.0.8~prepublishOnly: @editora/core@1.0.8
63 silly lifecycle "prepublishOnly" starting in "@editora/themes"
64 info lifecycle @editora/themes@1.0.9~prepublishOnly: @editora/themes@1.0.9
65 silly lifecycle "prepublishOnly" starting in "@editora/toast"
66 info lifecycle @editora/toast@2.0.4~prepublishOnly: @editora/toast@2.0.4
67 silly lifecycle "prepublishOnly" starting in "@editora/light-code-editor"
68 info lifecycle @editora/light-code-editor@1.0.7~prepublishOnly: @editora/light-code-editor@1.0.7
69 silly lifecycle "prepare" finished in "@editora/icons"
70 silly lifecycle No script for "prepublishOnly" in "@editora/icons", continuing
71 silly lifecycle No script for "prepack" in "@editora/icons", continuing
72 silly lifecycle "prepare" finished in "@editora/ui-angular"
73 silly lifecycle No script for "prepublishOnly" in "@editora/ui-angular", continuing
74 silly lifecycle "prepare" finished in "@editora/ui-svelte"
75 silly lifecycle No script for "prepack" in "@editora/ui-angular", continuing
76 silly lifecycle No script for "prepublishOnly" in "@editora/ui-svelte", continuing
77 silly lifecycle No script for "prepack" in "@editora/ui-svelte", continuing
78 silly lifecycle No script for "postpack" in "@editora/icons", continuing
79 verbose packed packages/icons
80 verbose pack-directory packages/react-icons
81 silly lifecycle No script for "prepublish" in "@editora/react-icons", continuing
82 verbose pack-directory packages/ui-core
83 silly lifecycle No script for "prepublish" in "@editora/ui-core", continuing
84 silly lifecycle "prepare" starting in "@editora/react-icons"
85 info lifecycle @editora/react-icons@0.1.5~prepare: @editora/react-icons@0.1.5
86 silly lifecycle "prepare" starting in "@editora/ui-core"
87 info lifecycle @editora/ui-core@0.1.3~prepare: @editora/ui-core@0.1.3
88 silly lifecycle No script for "postpack" in "@editora/ui-angular", continuing
89 verbose packed packages/ui-angular
90 silly lifecycle No script for "postpack" in "@editora/ui-svelte", continuing
91 verbose packed packages/ui-svelte
92 silly lifecycle "prepare" finished in "@editora/ui-vue"
93 silly lifecycle No script for "prepublishOnly" in "@editora/ui-vue", continuing
94 silly lifecycle No script for "prepack" in "@editora/ui-vue", continuing
95 silly lifecycle No script for "postpack" in "@editora/ui-vue", continuing
96 verbose packed packages/ui-vue
97 silly lifecycle "prepublishOnly" finished in "@editora/core"
98 silly lifecycle No script for "prepack" in "@editora/core", continuing
99 silly lifecycle No script for "postpack" in "@editora/core", continuing
100 verbose packed packages/core
101 verbose pack-directory packages/performance
102 silly lifecycle No script for "prepublish" in "@editora/performance", continuing
103 verbose pack-directory packages/plugins
104 silly lifecycle No script for "prepublish" in "@editora/plugins", continuing
105 silly lifecycle No script for "prepare" in "@editora/performance", continuing
106 silly lifecycle No script for "prepare" in "@editora/plugins", continuing
107 silly lifecycle "prepublishOnly" starting in "@editora/plugins"
108 info lifecycle @editora/plugins@1.0.9~prepublishOnly: @editora/plugins@1.0.9
109 silly lifecycle No script for "prepublishOnly" in "@editora/performance", continuing
110 silly lifecycle No script for "prepack" in "@editora/performance", continuing
111 silly lifecycle No script for "postpack" in "@editora/performance", continuing
112 verbose packed packages/performance
113 silly lifecycle "prepublishOnly" finished in "@editora/themes"
114 silly lifecycle No script for "prepack" in "@editora/themes", continuing
115 silly lifecycle No script for "postpack" in "@editora/themes", continuing
116 verbose packed packages/themes
117 silly lifecycle "prepublishOnly" finished in "@editora/toast"
118 silly lifecycle No script for "prepack" in "@editora/toast", continuing
119 silly lifecycle No script for "postpack" in "@editora/toast", continuing
120 verbose packed packages/editora-toast
121 silly lifecycle "prepublishOnly" finished in "@editora/light-code-editor"
122 silly lifecycle No script for "prepack" in "@editora/light-code-editor", continuing
123 silly lifecycle No script for "postpack" in "@editora/light-code-editor", continuing
124 verbose packed packages/light-code-editor
125 verbose pack-directory packages/react
126 silly lifecycle No script for "prepublish" in "@editora/react", continuing
127 silly lifecycle No script for "prepare" in "@editora/react", continuing
128 silly lifecycle "prepublishOnly" starting in "@editora/react"
129 info lifecycle @editora/react@1.0.10~prepublishOnly: @editora/react@1.0.10
130 silly lifecycle "prepare" finished in "@editora/react-icons"
131 silly lifecycle No script for "prepublishOnly" in "@editora/react-icons", continuing
132 silly lifecycle No script for "prepack" in "@editora/react-icons", continuing
133 silly lifecycle No script for "postpack" in "@editora/react-icons", continuing
134 verbose packed packages/react-icons
135 silly lifecycle "prepare" finished in "@editora/ui-core"
136 silly lifecycle No script for "prepublishOnly" in "@editora/ui-core", continuing
137 silly lifecycle No script for "prepack" in "@editora/ui-core", continuing
138 silly lifecycle No script for "postpack" in "@editora/ui-core", continuing
139 verbose packed packages/ui-core
140 verbose pack-directory packages/ui-editor
141 silly lifecycle No script for "prepublish" in "@editora/ui-editor", continuing
142 verbose pack-directory packages/ui-react
143 silly lifecycle No script for "prepublish" in "@editora/ui-react", continuing
144 silly lifecycle "prepare" starting in "@editora/ui-editor"
145 info lifecycle @editora/ui-editor@0.1.2~prepare: @editora/ui-editor@0.1.2
146 silly lifecycle "prepare" starting in "@editora/ui-react"
147 info lifecycle @editora/ui-react@0.1.4~prepare: @editora/ui-react@0.1.4
148 silly lifecycle "prepublishOnly" finished in "@editora/plugins"
149 silly lifecycle No script for "prepack" in "@editora/plugins", continuing
150 silly lifecycle No script for "postpack" in "@editora/plugins", continuing
151 verbose packed packages/plugins
152 silly lifecycle "prepublishOnly" finished in "@editora/react"
153 silly lifecycle No script for "prepack" in "@editora/react", continuing
154 silly lifecycle No script for "postpack" in "@editora/react", continuing
155 verbose packed packages/react
156 silly lifecycle "prepare" finished in "@editora/ui-editor"
157 silly lifecycle No script for "prepublishOnly" in "@editora/ui-editor", continuing
158 silly lifecycle No script for "prepack" in "@editora/ui-editor", continuing
159 silly lifecycle No script for "postpack" in "@editora/ui-editor", continuing
160 verbose packed packages/ui-editor
161 silly lifecycle "prepare" finished in "@editora/ui-react"
162 silly lifecycle No script for "prepublishOnly" in "@editora/ui-react", continuing
163 silly lifecycle No script for "prepack" in "@editora/ui-react", continuing
164 silly lifecycle No script for "postpack" in "@editora/ui-react", continuing
165 verbose packed packages/ui-react
166 silly lifecycle No script for "postpack" in "editora", continuing
167 verbose publish @editora/core
168 verbose publish @editora/toast
169 verbose publish @editora/icons
170 verbose publish @editora/light-code-editor
171 verbose publish @editora/themes
172 verbose publish @editora/ui-angular
173 verbose publish @editora/ui-svelte
174 verbose publish @editora/ui-vue
175 silly FetchError: request to https://registry.npmjs.org/@editora%2ficons failed, reason: getaddrinfo ENOTFOUND registry.npmjs.org
175 silly     at ClientRequest.<anonymous> (/Users/etelligens/Documents/Rich-Text-Editor/node_modules/minipass-fetch/lib/index.js:130:14)
175 silly     at ClientRequest.emit (node:events:524:28)
175 silly     at emitErrorEvent (node:_http_client:104:11)
175 silly     at _destroy (node:_http_client:892:9)
175 silly     at onSocketNT (node:_http_client:912:5)
175 silly     at process.processTicksAndRejections (node:internal/process/task_queues:91:21)
175 silly  FetchError: request to https://registry.npmjs.org/@editora%2ficons failed, reason: getaddrinfo ENOTFOUND registry.npmjs.org
175 silly     at ClientRequest.<anonymous> (/Users/etelligens/Documents/Rich-Text-Editor/node_modules/minipass-fetch/lib/index.js:130:14)
175 silly     at ClientRequest.emit (node:events:524:28)
175 silly     at emitErrorEvent (node:_http_client:104:11)
175 silly     at _destroy (node:_http_client:892:9)
175 silly     at onSocketNT (node:_http_client:912:5)
175 silly     at process.processTicksAndRejections (node:internal/process/task_queues:91:21) {
175 silly   code: 'ENOTFOUND',
175 silly   errno: 'ENOTFOUND',
175 silly   syscall: 'getaddrinfo',
175 silly   hostname: 'registry.npmjs.org',
175 silly   type: 'system'
175 silly }
176 warn notice Package failed to publish: @editora/icons
177 error ENOTFOUND request to https://registry.npmjs.org/@editora%2ficons failed, reason: getaddrinfo ENOTFOUND registry.npmjs.org
178 error errno "ENOTFOUND" is not a valid exit code - exiting with code 1
179 silly FetchError: request to https://registry.npmjs.org/@editora%2ftoast failed, reason: getaddrinfo ENOTFOUND registry.npmjs.org
179 silly     at ClientRequest.<anonymous> (/Users/etelligens/Documents/Rich-Text-Editor/node_modules/minipass-fetch/lib/index.js:130:14)
179 silly     at ClientRequest.emit (node:events:524:28)
179 silly     at emitErrorEvent (node:_http_client:104:11)
179 silly     at _destroy (node:_http_client:892:9)
179 silly     at onSocketNT (node:_http_client:912:5)
179 silly     at process.processTicksAndRejections (node:internal/process/task_queues:91:21)
179 silly  FetchError: request to https://registry.npmjs.org/@editora%2ftoast failed, reason: getaddrinfo ENOTFOUND registry.npmjs.org
179 silly     at ClientRequest.<anonymous> (/Users/etelligens/Documents/Rich-Text-Editor/node_modules/minipass-fetch/lib/index.js:130:14)
179 silly     at ClientRequest.emit (node:events:524:28)
179 silly     at emitErrorEvent (node:_http_client:104:11)
179 silly     at _destroy (node:_http_client:892:9)
179 silly     at onSocketNT (node:_http_client:912:5)
179 silly     at process.processTicksAndRejections (node:internal/process/task_queues:91:21) {
179 silly   code: 'ENOTFOUND',
179 silly   errno: 'ENOTFOUND',
179 silly   syscall: 'getaddrinfo',
179 silly   hostname: 'registry.npmjs.org',
179 silly   type: 'system'
179 silly }
180 warn notice Package failed to publish: @editora/toast
181 error ENOTFOUND request to https://registry.npmjs.org/@editora%2ftoast failed, reason: getaddrinfo ENOTFOUND registry.npmjs.org
182 error errno "ENOTFOUND" is not a valid exit code - exiting with code 1
183 silly FetchError: request to https://registry.npmjs.org/@editora%2flight-code-editor failed, reason: getaddrinfo ENOTFOUND registry.npmjs.org
183 silly     at ClientRequest.<anonymous> (/Users/etelligens/Documents/Rich-Text-Editor/node_modules/minipass-fetch/lib/index.js:130:14)
183 silly     at ClientRequest.emit (node:events:524:28)
183 silly     at emitErrorEvent (node:_http_client:104:11)
183 silly     at _destroy (node:_http_client:892:9)
183 silly     at onSocketNT (node:_http_client:912:5)
183 silly     at process.processTicksAndRejections (node:internal/process/task_queues:91:21)
183 silly  FetchError: request to https://registry.npmjs.org/@editora%2flight-code-editor failed, reason: getaddrinfo ENOTFOUND registry.npmjs.org
183 silly     at ClientRequest.<anonymous> (/Users/etelligens/Documents/Rich-Text-Editor/node_modules/minipass-fetch/lib/index.js:130:14)
183 silly     at ClientRequest.emit (node:events:524:28)
183 silly     at emitErrorEvent (node:_http_client:104:11)
183 silly     at _destroy (node:_http_client:892:9)
183 silly     at onSocketNT (node:_http_client:912:5)
183 silly     at process.processTicksAndRejections (node:internal/process/task_queues:91:21) {
183 silly   code: 'ENOTFOUND',
183 silly   errno: 'ENOTFOUND',
183 silly   syscall: 'getaddrinfo',
183 silly   hostname: 'registry.npmjs.org',
183 silly   type: 'system'
183 silly }
184 warn notice Package failed to publish: @editora/light-code-editor
185 error ENOTFOUND request to https://registry.npmjs.org/@editora%2flight-code-editor failed, reason: getaddrinfo ENOTFOUND registry.npmjs.org
186 error errno "ENOTFOUND" is not a valid exit code - exiting with code 1
187 silly FetchError: request to https://registry.npmjs.org/@editora%2fui-svelte failed, reason: getaddrinfo ENOTFOUND registry.npmjs.org
187 silly     at ClientRequest.<anonymous> (/Users/etelligens/Documents/Rich-Text-Editor/node_modules/minipass-fetch/lib/index.js:130:14)
187 silly     at ClientRequest.emit (node:events:524:28)
187 silly     at emitErrorEvent (node:_http_client:104:11)
187 silly     at _destroy (node:_http_client:892:9)
187 silly     at onSocketNT (node:_http_client:912:5)
187 silly     at process.processTicksAndRejections (node:internal/process/task_queues:91:21)
187 silly  FetchError: request to https://registry.npmjs.org/@editora%2fui-svelte failed, reason: getaddrinfo ENOTFOUND registry.npmjs.org
187 silly     at ClientRequest.<anonymous> (/Users/etelligens/Documents/Rich-Text-Editor/node_modules/minipass-fetch/lib/index.js:130:14)
187 silly     at ClientRequest.emit (node:events:524:28)
187 silly     at emitErrorEvent (node:_http_client:104:11)
187 silly     at _destroy (node:_http_client:892:9)
187 silly     at onSocketNT (node:_http_client:912:5)
187 silly     at process.processTicksAndRejections (node:internal/process/task_queues:91:21) {
187 silly   code: 'ENOTFOUND',
187 silly   errno: 'ENOTFOUND',
187 silly   syscall: 'getaddrinfo',
187 silly   hostname: 'registry.npmjs.org',
187 silly   type: 'system'
187 silly }
188 warn notice Package failed to publish: @editora/ui-svelte
189 error ENOTFOUND request to https://registry.npmjs.org/@editora%2fui-svelte failed, reason: getaddrinfo ENOTFOUND registry.npmjs.org
190 error errno "ENOTFOUND" is not a valid exit code - exiting with code 1
191 silly FetchError: request to https://registry.npmjs.org/@editora%2fui-angular failed, reason: getaddrinfo ENOTFOUND registry.npmjs.org
191 silly     at ClientRequest.<anonymous> (/Users/etelligens/Documents/Rich-Text-Editor/node_modules/minipass-fetch/lib/index.js:130:14)
191 silly     at ClientRequest.emit (node:events:524:28)
191 silly     at emitErrorEvent (node:_http_client:104:11)
191 silly     at _destroy (node:_http_client:892:9)
191 silly     at onSocketNT (node:_http_client:912:5)
191 silly     at process.processTicksAndRejections (node:internal/process/task_queues:91:21)
191 silly  FetchError: request to https://registry.npmjs.org/@editora%2fui-angular failed, reason: getaddrinfo ENOTFOUND registry.npmjs.org
191 silly     at ClientRequest.<anonymous> (/Users/etelligens/Documents/Rich-Text-Editor/node_modules/minipass-fetch/lib/index.js:130:14)
191 silly     at ClientRequest.emit (node:events:524:28)
191 silly     at emitErrorEvent (node:_http_client:104:11)
191 silly     at _destroy (node:_http_client:892:9)
191 silly     at onSocketNT (node:_http_client:912:5)
191 silly     at process.processTicksAndRejections (node:internal/process/task_queues:91:21) {
191 silly   code: 'ENOTFOUND',
191 silly   errno: 'ENOTFOUND',
191 silly   syscall: 'getaddrinfo',
191 silly   hostname: 'registry.npmjs.org',
191 silly   type: 'system'
191 silly }
192 warn notice Package failed to publish: @editora/ui-angular
193 error ENOTFOUND request to https://registry.npmjs.org/@editora%2fui-angular failed, reason: getaddrinfo ENOTFOUND registry.npmjs.org
194 error errno "ENOTFOUND" is not a valid exit code - exiting with code 1
195 silly FetchError: request to https://registry.npmjs.org/@editora%2fthemes failed, reason: getaddrinfo ENOTFOUND registry.npmjs.org
195 silly     at ClientRequest.<anonymous> (/Users/etelligens/Documents/Rich-Text-Editor/node_modules/minipass-fetch/lib/index.js:130:14)
195 silly     at ClientRequest.emit (node:events:524:28)
195 silly     at emitErrorEvent (node:_http_client:104:11)
195 silly     at _destroy (node:_http_client:892:9)
195 silly     at onSocketNT (node:_http_client:912:5)
195 silly     at process.processTicksAndRejections (node:internal/process/task_queues:91:21)
195 silly  FetchError: request to https://registry.npmjs.org/@editora%2fthemes failed, reason: getaddrinfo ENOTFOUND registry.npmjs.org
195 silly     at ClientRequest.<anonymous> (/Users/etelligens/Documents/Rich-Text-Editor/node_modules/minipass-fetch/lib/index.js:130:14)
195 silly     at ClientRequest.emit (node:events:524:28)
195 silly     at emitErrorEvent (node:_http_client:104:11)
195 silly     at _destroy (node:_http_client:892:9)
195 silly     at onSocketNT (node:_http_client:912:5)
195 silly     at process.processTicksAndRejections (node:internal/process/task_queues:91:21) {
195 silly   code: 'ENOTFOUND',
195 silly   errno: 'ENOTFOUND',
195 silly   syscall: 'getaddrinfo',
195 silly   hostname: 'registry.npmjs.org',
195 silly   type: 'system'
195 silly }
196 warn notice Package failed to publish: @editora/themes
197 error ENOTFOUND request to https://registry.npmjs.org/@editora%2fthemes failed, reason: getaddrinfo ENOTFOUND registry.npmjs.org
198 error errno "ENOTFOUND" is not a valid exit code - exiting with code 1
199 silly FetchError: request to https://registry.npmjs.org/@editora%2fui-vue failed, reason: getaddrinfo ENOTFOUND registry.npmjs.org
199 silly     at ClientRequest.<anonymous> (/Users/etelligens/Documents/Rich-Text-Editor/node_modules/minipass-fetch/lib/index.js:130:14)
199 silly     at ClientRequest.emit (node:events:524:28)
199 silly     at emitErrorEvent (node:_http_client:104:11)
199 silly     at _destroy (node:_http_client:892:9)
199 silly     at onSocketNT (node:_http_client:912:5)
199 silly     at process.processTicksAndRejections (node:internal/process/task_queues:91:21)
199 silly  FetchError: request to https://registry.npmjs.org/@editora%2fui-vue failed, reason: getaddrinfo ENOTFOUND registry.npmjs.org
199 silly     at ClientRequest.<anonymous> (/Users/etelligens/Documents/Rich-Text-Editor/node_modules/minipass-fetch/lib/index.js:130:14)
199 silly     at ClientRequest.emit (node:events:524:28)
199 silly     at emitErrorEvent (node:_http_client:104:11)
199 silly     at _destroy (node:_http_client:892:9)
199 silly     at onSocketNT (node:_http_client:912:5)
199 silly     at process.processTicksAndRejections (node:internal/process/task_queues:91:21) {
199 silly   code: 'ENOTFOUND',
199 silly   errno: 'ENOTFOUND',
199 silly   syscall: 'getaddrinfo',
199 silly   hostname: 'registry.npmjs.org',
199 silly   type: 'system'
199 silly }
200 warn notice Package failed to publish: @editora/ui-vue
201 error ENOTFOUND request to https://registry.npmjs.org/@editora%2fui-vue failed, reason: getaddrinfo ENOTFOUND registry.npmjs.org
202 error errno "ENOTFOUND" is not a valid exit code - exiting with code 1
203 silly FetchError: request to https://registry.npmjs.org/@editora%2fcore failed, reason: getaddrinfo ENOTFOUND registry.npmjs.org
203 silly     at ClientRequest.<anonymous> (/Users/etelligens/Documents/Rich-Text-Editor/node_modules/minipass-fetch/lib/index.js:130:14)
203 silly     at ClientRequest.emit (node:events:524:28)
203 silly     at emitErrorEvent (node:_http_client:104:11)
203 silly     at _destroy (node:_http_client:892:9)
203 silly     at onSocketNT (node:_http_client:912:5)
203 silly     at process.processTicksAndRejections (node:internal/process/task_queues:91:21)
203 silly  FetchError: request to https://registry.npmjs.org/@editora%2fcore failed, reason: getaddrinfo ENOTFOUND registry.npmjs.org
203 silly     at ClientRequest.<anonymous> (/Users/etelligens/Documents/Rich-Text-Editor/node_modules/minipass-fetch/lib/index.js:130:14)
203 silly     at ClientRequest.emit (node:events:524:28)
203 silly     at emitErrorEvent (node:_http_client:104:11)
203 silly     at _destroy (node:_http_client:892:9)
203 silly     at onSocketNT (node:_http_client:912:5)
203 silly     at process.processTicksAndRejections (node:internal/process/task_queues:91:21) {
203 silly   code: 'ENOTFOUND',
203 silly   errno: 'ENOTFOUND',
203 silly   syscall: 'getaddrinfo',
203 silly   hostname: 'registry.npmjs.org',
203 silly   type: 'system'
203 silly }
204 warn notice Package failed to publish: @editora/core
205 error ENOTFOUND request to https://registry.npmjs.org/@editora%2fcore failed, reason: getaddrinfo ENOTFOUND registry.npmjs.org
206 error errno "ENOTFOUND" is not a valid exit code - exiting with code 1
207 error FetchError: request to https://registry.npmjs.org/@editora%2ficons failed, reason: getaddrinfo ENOTFOUND registry.npmjs.org
207 error     at ClientRequest.<anonymous> (/Users/etelligens/Documents/Rich-Text-Editor/node_modules/minipass-fetch/lib/index.js:130:14)
207 error     at ClientRequest.emit (node:events:524:28)
207 error     at emitErrorEvent (node:_http_client:104:11)
207 error     at _destroy (node:_http_client:892:9)
207 error     at onSocketNT (node:_http_client:912:5)
